<?xml version="1.0" encoding="UTF-8"?>
<testng-results skipped="0" failed="0" total="1" passed="1">
  <reporter-output>
  </reporter-output>
  <suite name="Default suite" duration-ms="77455" started-at="2020-02-25T10:43:17Z" finished-at="2020-02-25T10:44:35Z">
    <groups>
    </groups>
    <test name="Default test" duration-ms="77455" started-at="2020-02-25T10:43:17Z" finished-at="2020-02-25T10:44:35Z">
      <class name="datadriventestingusingexcel.TestUsingExcelSheetXLSX">
        <test-method status="PASS" signature="init()[pri:0, instance:datadriventestingusingexcel.TestUsingExcelSheetXLSX@735b478]" name="init" is-config="true" duration-ms="11529" started-at="2020-02-25T16:13:17Z" finished-at="2020-02-25T16:13:29Z">
          <reporter-output>
          </reporter-output>
        </test-method> <!-- init -->
        <test-method status="PASS" signature="f()[pri:0, instance:datadriventestingusingexcel.TestUsingExcelSheetXLSX@735b478]" name="f" duration-ms="65060" started-at="2020-02-25T16:13:29Z" finished-at="2020-02-25T16:14:34Z">
          <reporter-output>
          </reporter-output>
        </test-method> <!-- f -->
        <test-method status="PASS" signature="afterMethod()[pri:0, instance:datadriventestingusingexcel.TestUsingExcelSheetXLSX@735b478]" name="afterMethod" is-config="true" duration-ms="840" started-at="2020-02-25T16:14:34Z" finished-at="2020-02-25T16:14:35Z">
          <reporter-output>
          </reporter-output>
        </test-method> <!-- afterMethod -->
      </class> <!-- datadriventestingusingexcel.TestUsingExcelSheetXLSX -->
    </test> <!-- Default test -->
  </suite> <!-- Default suite -->
</testng-results>
